In file included from [01m[K/home/blue/ros2_ws/src/arm_controller/src/main.cpp:2[m[K:
[01m[K/home/blue/ros2_ws/src/arm_controller/include/arm_controller/arm_controller_node.hpp:7:10:[m[K [01;31m[Kfatal error: [m[Karm_controller/srv/move_to_position.hpp: No such file or directory
    7 | #include [01;31m[K"arm_controller/srv/move_to_position.hpp"[m[K
      |          [01;31m[K^~~~~~~~~~~~~~~~~~~~~~~~~~~~~~~~~~~~~~~~~[m[K
compilation terminated.
gmake[2]: *** [CMakeFiles/arm_controller_node.dir/build.make:76: CMakeFiles/arm_controller_node.dir/src/main.cpp.o] Error 1
In file included from [01m[K/home/blue/ros2_ws/src/arm_controller/src/arm_controller_node.cpp:1[m[K:
[01m[K/home/blue/ros2_ws/src/arm_controller/include/arm_controller/arm_controller_node.hpp:7:10:[m[K [01;31m[Kfatal error: [m[Karm_controller/srv/move_to_position.hpp: No such file or directory
    7 | #include [01;31m[K"arm_controller/srv/move_to_position.hpp"[m[K
      |          [01;31m[K^~~~~~~~~~~~~~~~~~~~~~~~~~~~~~~~~~~~~~~~~[m[K
compilation terminated.
gmake[2]: *** Waiting for unfinished jobs....
gmake[2]: *** [CMakeFiles/arm_controller_node.dir/build.make:90: CMakeFiles/arm_controller_node.dir/src/arm_controller_node.cpp.o] Error 1
gmake[1]: *** [CMakeFiles/Makefile2:137: CMakeFiles/arm_controller_node.dir/all] Error 2
gmake: *** [Makefile:146: all] Error 2
