[0.000000] (-) TimerEvent: {}
[0.000170] (arm_controller) JobQueued: {'identifier': 'arm_controller', 'dependencies': OrderedDict()}
[0.000220] (arm_controller) JobStarted: {'identifier': 'arm_controller'}
[0.012765] (arm_controller) JobProgress: {'identifier': 'arm_controller', 'progress': 'cmake'}
[0.013996] (arm_controller) JobProgress: {'identifier': 'arm_controller', 'progress': 'build'}
[0.014108] (arm_controller) Command: {'cmd': ['/usr/bin/cmake', '--build', '/home/blue/ros2_ws/src/arm_controller/build/arm_controller', '--', '-j8', '-l8'], 'cwd': '/home/blue/ros2_ws/src/arm_controller/build/arm_controller', 'env': OrderedDict([('GJS_DEBUG_TOPICS', 'JS ERROR;JS LOG'), ('LESSOPEN', '| /usr/bin/lesspipe %s'), ('LANGUAGE', 'en_CA:en'), ('USER', 'blue'), ('FONTCONFIG_PATH', '/etc/fonts'), ('GIO_MODULE_DIR', '/home/blue/snap/code/common/.cache/gio-modules'), ('XDG_SESSION_TYPE', 'wayland'), ('GIT_ASKPASS', '/snap/code/187/usr/share/code/resources/app/extensions/git/dist/askpass.sh'), ('GTK_EXE_PREFIX_VSCODE_SNAP_ORIG', ''), ('GDK_BACKEND_VSCODE_SNAP_ORIG', ''), ('SHLVL', '1'), ('LD_LIBRARY_PATH', '/home/blue/ros2_ws/install/turtlesim/lib:/opt/ros/humble/opt/rviz_ogre_vendor/lib:/opt/ros/humble/lib/x86_64-linux-gnu:/opt/ros/humble/lib'), ('HOME', '/home/blue'), ('CHROME_DESKTOP', 'code.desktop'), ('LOCPATH_VSCODE_SNAP_ORIG', ''), ('OLDPWD', '/home/blue/ros2_ws/src'), ('TERM_PROGRAM_VERSION', '1.98.2'), ('DESKTOP_SESSION', 'ubuntu'), ('GTK_PATH', '/snap/code/187/usr/lib/x86_64-linux-gnu/gtk-3.0'), ('XDG_DATA_HOME_VSCODE_SNAP_ORIG', ''), ('GTK_IM_MODULE_FILE', '/home/blue/snap/code/common/.cache/immodules/immodules.cache'), ('GIO_LAUNCHED_DESKTOP_FILE', '/var/lib/snapd/desktop/applications/code_code.desktop'), ('ROS_PYTHON_VERSION', '3'), ('GNOME_SHELL_SESSION_MODE', 'ubuntu'), ('GTK_MODULES', 'gail:atk-bridge'), ('GSETTINGS_SCHEMA_DIR_VSCODE_SNAP_ORIG', ''), ('VSCODE_GIT_ASKPASS_MAIN', '/snap/code/187/usr/share/code/resources/app/extensions/git/dist/askpass-main.js'), ('VSCODE_GIT_ASKPASS_NODE', '/snap/code/187/usr/share/code/code'), ('MANAGERPID', '1660'), ('SYSTEMD_EXEC_PID', '1834'), ('IM_CONFIG_CHECK_ENV', '1'), ('DBUS_SESSION_BUS_ADDRESS', 'unix:path=/run/user/1000/bus'), ('COLORTERM', 'truecolor'), ('GIO_LAUNCHED_DESKTOP_FILE_PID', '4517'), ('IM_CONFIG_PHASE', '1'), ('WAYLAND_DISPLAY', 'wayland-0'), ('COLCON_PREFIX_PATH', '/home/blue/ros2_ws/src/arm_controller/install:/home/blue/ros2_ws/install'), ('ROS_DISTRO', 'humble'), ('LOGNAME', 'blue'), ('JOURNAL_STREAM', '8:15176'), ('_', '/usr/bin/colcon'), ('ROS_VERSION', '2'), ('XDG_CONFIG_DIRS_VSCODE_SNAP_ORIG', '/etc/xdg/xdg-ubuntu:/etc/xdg'), ('XDG_SESSION_CLASS', 'user'), ('XDG_DATA_DIRS_VSCODE_SNAP_ORIG', '/usr/share/ubuntu:/usr/local/share/:/usr/share/:/var/lib/snapd/desktop'), ('USERNAME', 'blue'), ('TERM', 'xterm-256color'), ('GNOME_DESKTOP_SESSION_ID', 'this-is-deprecated'), ('ROS_LOCALHOST_ONLY', '0'), ('PATH', '/opt/ros/humble/bin:/usr/local/sbin:/usr/local/bin:/usr/sbin:/usr/bin:/sbin:/bin:/usr/games:/usr/local/games:/snap/bin:/snap/bin'), ('SESSION_MANAGER', 'local/blue:@/tmp/.ICE-unix/1808,unix/blue:/tmp/.ICE-unix/1808'), ('GTK_EXE_PREFIX', '/snap/code/187/usr'), ('INVOCATION_ID', 'a89042ebbb3f42ccad17ec82e94515ad'), ('XDG_MENU_PREFIX', 'gnome-'), ('BAMF_DESKTOP_FILE_HINT', '/var/lib/snapd/desktop/applications/code_code.desktop'), ('GNOME_SETUP_DISPLAY', ':1'), ('XDG_RUNTIME_DIR', '/run/user/1000'), ('GDK_BACKEND', 'x11'), ('DISPLAY', ':0'), ('LOCPATH', '/snap/code/187/usr/lib/locale'), ('LANG', 'en_US.UTF-8'), ('XDG_CURRENT_DESKTOP', 'Unity'), ('GIO_MODULE_DIR_VSCODE_SNAP_ORIG', ''), ('XDG_DATA_HOME', '/home/blue/snap/code/187/.local/share'), ('XMODIFIERS', '@im=ibus'), ('XDG_SESSION_DESKTOP', 'ubuntu'), ('XAUTHORITY', '/run/user/1000/.mutter-Xwaylandauth.8NNH52'), ('LS_COLORS', 'rs=0:di=01;34:ln=01;36:mh=00:pi=40;33:so=01;35:do=01;35:bd=40;33;01:cd=40;33;01:or=40;31;01:mi=00:su=37;41:sg=30;43:ca=30;41:tw=30;42:ow=34;42:st=37;44:ex=01;32:*.tar=01;31:*.tgz=01;31:*.arc=01;31:*.arj=01;31:*.taz=01;31:*.lha=01;31:*.lz4=01;31:*.lzh=01;31:*.lzma=01;31:*.tlz=01;31:*.txz=01;31:*.tzo=01;31:*.t7z=01;31:*.zip=01;31:*.z=01;31:*.dz=01;31:*.gz=01;31:*.lrz=01;31:*.lz=01;31:*.lzo=01;31:*.xz=01;31:*.zst=01;31:*.tzst=01;31:*.bz2=01;31:*.bz=01;31:*.tbz=01;31:*.tbz2=01;31:*.tz=01;31:*.deb=01;31:*.rpm=01;31:*.jar=01;31:*.war=01;31:*.ear=01;31:*.sar=01;31:*.rar=01;31:*.alz=01;31:*.ace=01;31:*.zoo=01;31:*.cpio=01;31:*.7z=01;31:*.rz=01;31:*.cab=01;31:*.wim=01;31:*.swm=01;31:*.dwm=01;31:*.esd=01;31:*.jpg=01;35:*.jpeg=01;35:*.mjpg=01;35:*.mjpeg=01;35:*.gif=01;35:*.bmp=01;35:*.pbm=01;35:*.pgm=01;35:*.ppm=01;35:*.tga=01;35:*.xbm=01;35:*.xpm=01;35:*.tif=01;35:*.tiff=01;35:*.png=01;35:*.svg=01;35:*.svgz=01;35:*.mng=01;35:*.pcx=01;35:*.mov=01;35:*.mpg=01;35:*.mpeg=01;35:*.m2v=01;35:*.mkv=01;35:*.webm=01;35:*.webp=01;35:*.ogm=01;35:*.mp4=01;35:*.m4v=01;35:*.mp4v=01;35:*.vob=01;35:*.qt=01;35:*.nuv=01;35:*.wmv=01;35:*.asf=01;35:*.rm=01;35:*.rmvb=01;35:*.flc=01;35:*.avi=01;35:*.fli=01;35:*.flv=01;35:*.gl=01;35:*.dl=01;35:*.xcf=01;35:*.xwd=01;35:*.yuv=01;35:*.cgm=01;35:*.emf=01;35:*.ogv=01;35:*.ogx=01;35:*.aac=00;36:*.au=00;36:*.flac=00;36:*.m4a=00;36:*.mid=00;36:*.midi=00;36:*.mka=00;36:*.mp3=00;36:*.mpc=00;36:*.ogg=00;36:*.ra=00;36:*.wav=00;36:*.oga=00;36:*.opus=00;36:*.spx=00;36:*.xspf=00;36:'), ('VSCODE_GIT_IPC_HANDLE', '/run/user/1000/vscode-git-f7c2d65c00.sock'), ('TERM_PROGRAM', 'vscode'), ('SSH_AGENT_LAUNCHER', 'gnome-keyring'), ('SSH_AUTH_SOCK', '/run/user/1000/keyring/ssh'), ('GSETTINGS_SCHEMA_DIR', '/home/blue/snap/code/187/.local/share/glib-2.0/schemas'), ('AMENT_PREFIX_PATH', '/home/blue/ros2_ws/src/arm_controller/install/arm_controller:/home/blue/ros2_ws/install/turtlesim:/home/blue/ros2_ws/install/capra:/opt/ros/humble'), ('ORIGINAL_XDG_CURRENT_DESKTOP', 'ubuntu:GNOME'), ('SHELL', '/bin/bash'), ('QT_ACCESSIBILITY', '1'), ('NO_AT_BRIDGE', '1'), ('GDMSESSION', 'ubuntu'), ('LESSCLOSE', '/usr/bin/lesspipe %s %s'), ('GTK_PATH_VSCODE_SNAP_ORIG', ''), ('FONTCONFIG_FILE', '/etc/fonts/fonts.conf'), ('GTK_IM_MODULE_FILE_VSCODE_SNAP_ORIG', ''), ('GJS_DEBUG_OUTPUT', 'stderr'), ('VSCODE_GIT_ASKPASS_EXTRA_ARGS', ''), ('QT_IM_MODULE', 'ibus'), ('PWD', '/home/blue/ros2_ws/src/arm_controller/build/arm_controller'), ('LC_ALL', 'en_US.UTF-8'), ('XDG_CONFIG_DIRS', '/etc/xdg/xdg-ubuntu:/etc/xdg'), ('XDG_DATA_DIRS', '/home/blue/snap/code/187/.local/share:/home/blue/snap/code/187:/snap/code/187/usr/share:/usr/share/ubuntu:/usr/local/share/:/usr/share/:/var/lib/snapd/desktop'), ('PYTHONPATH', '/home/blue/ros2_ws/install/turtlesim/local/lib/python3.10/dist-packages:/opt/ros/humble/lib/python3.10/site-packages:/opt/ros/humble/local/lib/python3.10/dist-packages'), ('COLCON', '1'), ('CMAKE_PREFIX_PATH', '/home/blue/ros2_ws/src/arm_controller/install/arm_controller:/home/blue/ros2_ws/install/turtlesim:/home/blue/ros2_ws/install/capra:/opt/ros/humble')]), 'shell': False}
[0.051830] (arm_controller) StdoutLine: {'line': b'-- Found ament_cmake: 1.3.11 (/opt/ros/humble/share/ament_cmake/cmake)\n'}
[0.098834] (-) TimerEvent: {}
[0.197663] (arm_controller) StdoutLine: {'line': b'-- Override CMake install command with custom implementation using symlinks instead of copying resources\n'}
[0.200184] (-) TimerEvent: {}
[0.207987] (arm_controller) StdoutLine: {'line': b'-- Found rclcpp: 16.0.11 (/opt/ros/humble/share/rclcpp/cmake)\n'}
[0.243036] (arm_controller) StdoutLine: {'line': b'-- Found rosidl_generator_c: 3.1.6 (/opt/ros/humble/share/rosidl_generator_c/cmake)\n'}
[0.246546] (arm_controller) StdoutLine: {'line': b'-- Found rosidl_adapter: 3.1.6 (/opt/ros/humble/share/rosidl_adapter/cmake)\n'}
[0.255704] (arm_controller) StdoutLine: {'line': b'-- Found rosidl_generator_cpp: 3.1.6 (/opt/ros/humble/share/rosidl_generator_cpp/cmake)\n'}
[0.269346] (arm_controller) StdoutLine: {'line': b'-- Using all available rosidl_typesupport_c: rosidl_typesupport_fastrtps_c;rosidl_typesupport_introspection_c\n'}
[0.283408] (arm_controller) StdoutLine: {'line': b'-- Using all available rosidl_typesupport_cpp: rosidl_typesupport_fastrtps_cpp;rosidl_typesupport_introspection_cpp\n'}
[0.300889] (-) TimerEvent: {}
[0.319251] (arm_controller) StdoutLine: {'line': b'-- Found rmw_implementation_cmake: 6.1.2 (/opt/ros/humble/share/rmw_implementation_cmake/cmake)\n'}
[0.320726] (arm_controller) StdoutLine: {'line': b'-- Found rmw_fastrtps_cpp: 6.2.7 (/opt/ros/humble/share/rmw_fastrtps_cpp/cmake)\n'}
[0.401914] (-) TimerEvent: {}
[0.430365] (arm_controller) StdoutLine: {'line': b"-- Using RMW implementation 'rmw_fastrtps_cpp' as default\n"}
[0.484570] (arm_controller) StdoutLine: {'line': b'-- Found sensor_msgs: 4.2.4 (/opt/ros/humble/share/sensor_msgs/cmake)\n'}
[0.502272] (-) TimerEvent: {}
[0.515018] (arm_controller) StdoutLine: {'line': b'-- Found std_srvs: 4.2.4 (/opt/ros/humble/share/std_srvs/cmake)\n'}
[0.602595] (-) TimerEvent: {}
[0.607957] (arm_controller) StdoutLine: {'line': b'-- Configuring done\n'}
[0.621679] (arm_controller) StdoutLine: {'line': b'-- Generating done\n'}
[0.628491] (arm_controller) StdoutLine: {'line': b'-- Build files have been written to: /home/blue/ros2_ws/src/arm_controller/build/arm_controller\n'}
[0.682364] (arm_controller) StdoutLine: {'line': b'[ 33%] \x1b[32mBuilding CXX object CMakeFiles/arm_node.dir/src/arm_node.cpp.o\x1b[0m\n'}
[0.683455] (arm_controller) StdoutLine: {'line': b'[ 66%] \x1b[32mBuilding CXX object CMakeFiles/arm_node.dir/src/main.cpp.o\x1b[0m\n'}
[0.702983] (-) TimerEvent: {}
[0.804327] (-) TimerEvent: {}
[0.904748] (-) TimerEvent: {}
[1.005452] (-) TimerEvent: {}
[1.105902] (-) TimerEvent: {}
[1.206531] (-) TimerEvent: {}
[1.307257] (-) TimerEvent: {}
[1.409027] (-) TimerEvent: {}
[1.510139] (-) TimerEvent: {}
[1.611400] (-) TimerEvent: {}
[1.712572] (-) TimerEvent: {}
[1.813835] (-) TimerEvent: {}
[1.914937] (-) TimerEvent: {}
[2.016082] (-) TimerEvent: {}
[2.117256] (-) TimerEvent: {}
[2.218497] (-) TimerEvent: {}
[2.319409] (-) TimerEvent: {}
[2.420435] (-) TimerEvent: {}
[2.521517] (-) TimerEvent: {}
[2.622524] (-) TimerEvent: {}
[2.723658] (-) TimerEvent: {}
[2.824791] (-) TimerEvent: {}
[2.926010] (-) TimerEvent: {}
[3.027374] (-) TimerEvent: {}
[3.129066] (-) TimerEvent: {}
[3.229397] (-) TimerEvent: {}
[3.330364] (-) TimerEvent: {}
[3.432154] (-) TimerEvent: {}
[3.533163] (-) TimerEvent: {}
[3.633769] (-) TimerEvent: {}
[3.734445] (-) TimerEvent: {}
[3.835483] (-) TimerEvent: {}
[3.895083] (arm_controller) StderrLine: {'line': b'\x1b[01m\x1b[K/home/blue/ros2_ws/src/arm_controller/src/main.cpp:\x1b[m\x1b[K In function \xe2\x80\x98\x1b[01m\x1b[Kint main(int, char**)\x1b[m\x1b[K\xe2\x80\x99:\n'}
[3.895582] (arm_controller) StderrLine: {'line': b'\x1b[01m\x1b[K/home/blue/ros2_ws/src/arm_controller/src/main.cpp:7:33:\x1b[m\x1b[K \x1b[01;31m\x1b[Kerror: \x1b[m\x1b[K\xe2\x80\x98\x1b[01m\x1b[KRobotArmNode\x1b[m\x1b[K\xe2\x80\x99 was not declared in this scope\n'}
[3.895680] (arm_controller) StderrLine: {'line': b'    7 |   rclcpp::spin(std::make_shared<\x1b[01;31m\x1b[KRobotArmNode\x1b[m\x1b[K>());\n'}
[3.895734] (arm_controller) StderrLine: {'line': b'      |                                 \x1b[01;31m\x1b[K^~~~~~~~~~~~\x1b[m\x1b[K\n'}
[3.895905] (arm_controller) StderrLine: {'line': b'\x1b[01m\x1b[K/home/blue/ros2_ws/src/arm_controller/src/main.cpp:7:46:\x1b[m\x1b[K \x1b[01;31m\x1b[Kerror: \x1b[m\x1b[Kno matching function for call to \xe2\x80\x98\x1b[01m\x1b[Kmake_shared<<expression error> >()\x1b[m\x1b[K\xe2\x80\x99\n'}
[3.896033] (arm_controller) StderrLine: {'line': b'    7 |   rclcpp::spin(\x1b[01;31m\x1b[Kstd::make_shared<RobotArmNode>()\x1b[m\x1b[K);\n'}
[3.896111] (arm_controller) StderrLine: {'line': b'      |                \x1b[01;31m\x1b[K~~~~~~~~~~~~~~~~~~~~~~~~~~~~~~^~\x1b[m\x1b[K\n'}
[3.898578] (arm_controller) StderrLine: {'line': b'In file included from \x1b[01m\x1b[K/usr/include/c++/11/memory:77\x1b[m\x1b[K,\n'}
[3.898841] (arm_controller) StderrLine: {'line': b'                 from \x1b[01m\x1b[K/opt/ros/humble/include/rclcpp/rclcpp/rclcpp.hpp:153\x1b[m\x1b[K,\n'}
[3.898935] (arm_controller) StderrLine: {'line': b'                 from \x1b[01m\x1b[K/home/blue/ros2_ws/src/arm_controller/src/main.cpp:1\x1b[m\x1b[K:\n'}
[3.898991] (arm_controller) StderrLine: {'line': b'\x1b[01m\x1b[K/usr/include/c++/11/bits/shared_ptr.h:875:5:\x1b[m\x1b[K \x1b[01;36m\x1b[Knote: \x1b[m\x1b[Kcandidate: \xe2\x80\x98\x1b[01m\x1b[Ktemplate<class _Tp, class ... _Args> std::shared_ptr<_Tp> std::make_shared(_Args&& ...)\x1b[m\x1b[K\xe2\x80\x99\n'}
[3.899073] (arm_controller) StderrLine: {'line': b'  875 |     \x1b[01;36m\x1b[Kmake_shared\x1b[m\x1b[K(_Args&&... __args)\n'}
[3.899125] (arm_controller) StderrLine: {'line': b'      |     \x1b[01;36m\x1b[K^~~~~~~~~~~\x1b[m\x1b[K\n'}
[3.899186] (arm_controller) StderrLine: {'line': b'\x1b[01m\x1b[K/usr/include/c++/11/bits/shared_ptr.h:875:5:\x1b[m\x1b[K \x1b[01;36m\x1b[Knote: \x1b[m\x1b[K  template argument deduction/substitution failed:\n'}
[3.899341] (arm_controller) StderrLine: {'line': b'\x1b[01m\x1b[K/home/blue/ros2_ws/src/arm_controller/src/main.cpp:7:46:\x1b[m\x1b[K \x1b[01;31m\x1b[Kerror: \x1b[m\x1b[Ktemplate argument 1 is invalid\n'}
[3.899396] (arm_controller) StderrLine: {'line': b'    7 |   rclcpp::spin(\x1b[01;31m\x1b[Kstd::make_shared<RobotArmNode>()\x1b[m\x1b[K);\n'}
[3.899450] (arm_controller) StderrLine: {'line': b'      |                \x1b[01;31m\x1b[K~~~~~~~~~~~~~~~~~~~~~~~~~~~~~~^~\x1b[m\x1b[K\n'}
[3.917287] (arm_controller) StderrLine: {'line': b'\x1b[01m\x1b[K/home/blue/ros2_ws/src/arm_controller/src/arm_node.cpp:\x1b[m\x1b[K In member function \xe2\x80\x98\x1b[01m\x1b[Kvoid ArmNode::move_arm_callback(std::shared_ptr<std_srvs::srv::Trigger_Request_<std::allocator<void> > >, std::shared_ptr<std_srvs::srv::Trigger_Response_<std::allocator<void> > >)\x1b[m\x1b[K\xe2\x80\x99:\n'}
[3.917450] (arm_controller) StderrLine: {'line': b'\x1b[01m\x1b[K/home/blue/ros2_ws/src/arm_controller/src/arm_node.cpp:29:58:\x1b[m\x1b[K \x1b[01;35m\x1b[Kwarning: \x1b[m\x1b[Kunused parameter \xe2\x80\x98\x1b[01m\x1b[Krequest\x1b[m\x1b[K\xe2\x80\x99 [\x1b[01;35m\x1b[K\x1b]8;;https://gcc.gnu.org/onlinedocs/gcc/Warning-Options.html#index-Wunused-parameter\x07-Wunused-parameter\x1b]8;;\x07\x1b[m\x1b[K]\n'}
[3.917527] (arm_controller) StderrLine: {'line': b'   29 |   \x1b[01;35m\x1b[Kconst std::shared_ptr<std_srvs::srv::Trigger::Request> request\x1b[m\x1b[K,\n'}
[3.917583] (arm_controller) StderrLine: {'line': b'      |   \x1b[01;35m\x1b[K~~~~~~~~~~~~~~~~~~~~~~~~~~~~~~~~~~~~~~~~~~~~~~~~~~~~~~~^~~~~~~\x1b[m\x1b[K\n'}
[3.935749] (-) TimerEvent: {}
[4.036814] (-) TimerEvent: {}
[4.137924] (-) TimerEvent: {}
[4.238981] (-) TimerEvent: {}
[4.339842] (-) TimerEvent: {}
[4.401915] (arm_controller) StderrLine: {'line': b'gmake[2]: *** [CMakeFiles/arm_node.dir/build.make:76: CMakeFiles/arm_node.dir/src/main.cpp.o] Error 1\n'}
[4.402204] (arm_controller) StderrLine: {'line': b'gmake[2]: *** Waiting for unfinished jobs....\n'}
[4.440019] (-) TimerEvent: {}
[4.540842] (-) TimerEvent: {}
[4.641764] (-) TimerEvent: {}
[4.742845] (-) TimerEvent: {}
[4.843689] (-) TimerEvent: {}
[4.944636] (-) TimerEvent: {}
[5.046309] (-) TimerEvent: {}
[5.147097] (-) TimerEvent: {}
[5.247952] (-) TimerEvent: {}
[5.348789] (-) TimerEvent: {}
[5.449531] (-) TimerEvent: {}
[5.550415] (-) TimerEvent: {}
[5.651270] (-) TimerEvent: {}
[5.752218] (-) TimerEvent: {}
[5.853143] (-) TimerEvent: {}
[5.953912] (-) TimerEvent: {}
[6.054850] (-) TimerEvent: {}
[6.155752] (-) TimerEvent: {}
[6.256461] (-) TimerEvent: {}
[6.357394] (-) TimerEvent: {}
[6.458250] (-) TimerEvent: {}
[6.559067] (-) TimerEvent: {}
[6.659772] (-) TimerEvent: {}
[6.760775] (-) TimerEvent: {}
[6.827659] (arm_controller) StderrLine: {'line': b'gmake[1]: *** [CMakeFiles/Makefile2:137: CMakeFiles/arm_node.dir/all] Error 2\n'}
[6.828477] (arm_controller) StderrLine: {'line': b'gmake: *** [Makefile:146: all] Error 2\n'}
[6.832587] (arm_controller) CommandEnded: {'returncode': 2}
[6.846411] (arm_controller) JobEnded: {'identifier': 'arm_controller', 'rc': 2}
[6.857749] (-) EventReactorShutdown: {}
