-- Found ament_cmake: 1.3.11 (/opt/ros/humble/share/ament_cmake/cmake)
-- Override CMake install command with custom implementation using symlinks instead of copying resources
-- Found rclcpp: 16.0.11 (/opt/ros/humble/share/rclcpp/cmake)
-- Found rosidl_generator_c: 3.1.6 (/opt/ros/humble/share/rosidl_generator_c/cmake)
-- Found rosidl_adapter: 3.1.6 (/opt/ros/humble/share/rosidl_adapter/cmake)
-- Found rosidl_generator_cpp: 3.1.6 (/opt/ros/humble/share/rosidl_generator_cpp/cmake)
-- Using all available rosidl_typesupport_c: rosidl_typesupport_fastrtps_c;rosidl_typesupport_introspection_c
-- Using all available rosidl_typesupport_cpp: rosidl_typesupport_fastrtps_cpp;rosidl_typesupport_introspection_cpp
-- Found rmw_implementation_cmake: 6.1.2 (/opt/ros/humble/share/rmw_implementation_cmake/cmake)
-- Found rmw_fastrtps_cpp: 6.2.7 (/opt/ros/humble/share/rmw_fastrtps_cpp/cmake)
-- Using RMW implementation 'rmw_fastrtps_cpp' as default
-- Found sensor_msgs: 4.2.4 (/opt/ros/humble/share/sensor_msgs/cmake)
-- Found std_srvs: 4.2.4 (/opt/ros/humble/share/std_srvs/cmake)
-- Configuring done
-- Generating done
-- Build files have been written to: /home/blue/ros2_ws/src/arm_controller/build/arm_controller
[ 25%] [32mBuilding CXX object CMakeFiles/arm_controller_node.dir/src/main.cpp.o[0m
[ 50%] [32mBuilding CXX object CMakeFiles/arm_controller_node.dir/src/arm_controller_node.cpp.o[0m
[ 75%] [32mBuilding CXX object CMakeFiles/arm_controller_node.dir/src/kinova_arm.cpp.o[0m
[01m[K/home/blue/ros2_ws/src/arm_controller/src/arm_controller_node.cpp:1:10:[m[K [01;31m[Kfatal error: [m[Karm_controller_node.hpp: No such file or directory
    1 | #include [01;31m[K"arm_controller_node.hpp"[m[K
      |          [01;31m[K^~~~~~~~~~~~~~~~~~~~~~~~~[m[K
compilation terminated.
[01m[K/home/blue/ros2_ws/src/arm_controller/src/kinova_arm.cpp:1:10:[m[K [01;31m[Kfatal error: [m[Kkinova_arm.h: No such file or directory
    1 | #include [01;31m[K"kinova_arm.h"[m[K
      |          [01;31m[K^~~~~~~~~~~~~~[m[K
compilation terminated.
gmake[2]: *** [CMakeFiles/arm_controller_node.dir/build.make:90: CMakeFiles/arm_controller_node.dir/src/arm_controller_node.cpp.o] Error 1
gmake[2]: *** Waiting for unfinished jobs....
gmake[2]: *** [CMakeFiles/arm_controller_node.dir/build.make:104: CMakeFiles/arm_controller_node.dir/src/kinova_arm.cpp.o] Error 1
[01m[K/home/blue/ros2_ws/src/arm_controller/src/main.cpp:2:10:[m[K [01;31m[Kfatal error: [m[Karm_controller/arm_node.hpp: No such file or directory
    2 | #include [01;31m[K"arm_controller/arm_node.hpp"[m[K
      |          [01;31m[K^~~~~~~~~~~~~~~~~~~~~~~~~~~~~[m[K
compilation terminated.
gmake[2]: *** [CMakeFiles/arm_controller_node.dir/build.make:76: CMakeFiles/arm_controller_node.dir/src/main.cpp.o] Error 1
gmake[1]: *** [CMakeFiles/Makefile2:137: CMakeFiles/arm_controller_node.dir/all] Error 2
gmake: *** [Makefile:146: all] Error 2
