[0.017s] Invoking command in '/home/blue/ros2_ws/src/arm_controller/build/arm_controller': CMAKE_PREFIX_PATH=${CMAKE_PREFIX_PATH}:/opt/ros/humble /usr/bin/cmake /home/blue/ros2_ws/src/arm_controller -DAMENT_CMAKE_SYMLINK_INSTALL=1 -DCMAKE_INSTALL_PREFIX=/home/blue/ros2_ws/src/arm_controller/install/arm_controller
[0.039s] -- Found ament_cmake: 1.3.11 (/opt/ros/humble/share/ament_cmake/cmake)
[0.163s] -- Override CMake install command with custom implementation using symlinks instead of copying resources
[0.172s] -- Found rclcpp: 16.0.11 (/opt/ros/humble/share/rclcpp/cmake)
[0.199s] -- Found rosidl_generator_c: 3.1.6 (/opt/ros/humble/share/rosidl_generator_c/cmake)
[0.201s] -- Found rosidl_adapter: 3.1.6 (/opt/ros/humble/share/rosidl_adapter/cmake)
[0.207s] -- Found rosidl_generator_cpp: 3.1.6 (/opt/ros/humble/share/rosidl_generator_cpp/cmake)
[0.218s] -- Using all available rosidl_typesupport_c: rosidl_typesupport_fastrtps_c;rosidl_typesupport_introspection_c
[0.232s] -- Using all available rosidl_typesupport_cpp: rosidl_typesupport_fastrtps_cpp;rosidl_typesupport_introspection_cpp
[0.266s] -- Found rmw_implementation_cmake: 6.1.2 (/opt/ros/humble/share/rmw_implementation_cmake/cmake)
[0.267s] -- Found rmw_fastrtps_cpp: 6.2.7 (/opt/ros/humble/share/rmw_fastrtps_cpp/cmake)
[0.376s] -- Using RMW implementation 'rmw_fastrtps_cpp' as default
[0.434s] -- Found sensor_msgs: 4.2.4 (/opt/ros/humble/share/sensor_msgs/cmake)
[0.465s] -- Found std_srvs: 4.2.4 (/opt/ros/humble/share/std_srvs/cmake)
[0.559s] -- Configuring done
[0.572s] -- Generating done
[0.577s] -- Build files have been written to: /home/blue/ros2_ws/src/arm_controller/build/arm_controller
[0.587s] Invoked command in '/home/blue/ros2_ws/src/arm_controller/build/arm_controller' returned '0': CMAKE_PREFIX_PATH=${CMAKE_PREFIX_PATH}:/opt/ros/humble /usr/bin/cmake /home/blue/ros2_ws/src/arm_controller -DAMENT_CMAKE_SYMLINK_INSTALL=1 -DCMAKE_INSTALL_PREFIX=/home/blue/ros2_ws/src/arm_controller/install/arm_controller
[0.590s] Invoking command in '/home/blue/ros2_ws/src/arm_controller/build/arm_controller': CMAKE_PREFIX_PATH=${CMAKE_PREFIX_PATH}:/opt/ros/humble /usr/bin/cmake --build /home/blue/ros2_ws/src/arm_controller/build/arm_controller -- -j8 -l8
[0.667s] [ 25%] [32mBuilding CXX object CMakeFiles/arm_controller_node.dir/src/main.cpp.o[0m
[0.667s] [ 50%] [32mBuilding CXX object CMakeFiles/arm_controller_node.dir/src/arm_controller_node.cpp.o[0m
[0.668s] [ 75%] [32mBuilding CXX object CMakeFiles/arm_controller_node.dir/src/kinova_arm.cpp.o[0m
[0.679s] [01m[K/home/blue/ros2_ws/src/arm_controller/src/arm_controller_node.cpp:1:10:[m[K [01;31m[Kfatal error: [m[Karm_controller_node.hpp: No such file or directory
[0.679s]     1 | #include [01;31m[K"arm_controller_node.hpp"[m[K
[0.679s]       |          [01;31m[K^~~~~~~~~~~~~~~~~~~~~~~~~[m[K
[0.679s] compilation terminated.
[0.679s] [01m[K/home/blue/ros2_ws/src/arm_controller/src/kinova_arm.cpp:1:10:[m[K [01;31m[Kfatal error: [m[Kkinova_arm.h: No such file or directory
[0.679s]     1 | #include [01;31m[K"kinova_arm.h"[m[K
[0.679s]       |          [01;31m[K^~~~~~~~~~~~~~[m[K
[0.679s] compilation terminated.
[0.680s] gmake[2]: *** [CMakeFiles/arm_controller_node.dir/build.make:90: CMakeFiles/arm_controller_node.dir/src/arm_controller_node.cpp.o] Error 1
[0.680s] gmake[2]: *** Waiting for unfinished jobs....
[0.680s] gmake[2]: *** [CMakeFiles/arm_controller_node.dir/build.make:104: CMakeFiles/arm_controller_node.dir/src/kinova_arm.cpp.o] Error 1
[0.909s] [01m[K/home/blue/ros2_ws/src/arm_controller/src/main.cpp:2:10:[m[K [01;31m[Kfatal error: [m[Karm_controller/arm_node.hpp: No such file or directory
[0.909s]     2 | #include [01;31m[K"arm_controller/arm_node.hpp"[m[K
[0.909s]       |          [01;31m[K^~~~~~~~~~~~~~~~~~~~~~~~~~~~~[m[K
[0.909s] compilation terminated.
[0.915s] gmake[2]: *** [CMakeFiles/arm_controller_node.dir/build.make:76: CMakeFiles/arm_controller_node.dir/src/main.cpp.o] Error 1
[0.915s] gmake[1]: *** [CMakeFiles/Makefile2:137: CMakeFiles/arm_controller_node.dir/all] Error 2
[0.915s] gmake: *** [Makefile:146: all] Error 2
[0.919s] Invoked command in '/home/blue/ros2_ws/src/arm_controller/build/arm_controller' returned '2': CMAKE_PREFIX_PATH=${CMAKE_PREFIX_PATH}:/opt/ros/humble /usr/bin/cmake --build /home/blue/ros2_ws/src/arm_controller/build/arm_controller -- -j8 -l8
