[0.016s] Invoking command in '/home/blue/ros2_ws/src/arm_controller/build/arm_controller': CMAKE_PREFIX_PATH=/opt/ros/humble /usr/bin/cmake --build /home/blue/ros2_ws/src/arm_controller/build/arm_controller -- -j8 -l8
[0.089s] [35m[1mConsolidate compiler generated dependencies of target arm_controller_node[0m
[0.117s] [ 25%] [32mBuilding CXX object CMakeFiles/arm_controller_node.dir/src/main.cpp.o[0m
[0.117s] [ 50%] [32mBuilding CXX object CMakeFiles/arm_controller_node.dir/src/kinova_arm.cpp.o[0m
[0.121s] [ 75%] [32mBuilding CXX object CMakeFiles/arm_controller_node.dir/src/arm_controller_node.cpp.o[0m
[0.438s] In file included from [01m[K/home/blue/ros2_ws/src/arm_controller/src/arm_controller_node.cpp:1[m[K:
[0.438s] [01m[K/home/blue/ros2_ws/src/arm_controller/include/arm_controller/arm_controller_node.hpp:7:10:[m[K [01;31m[Kfatal error: [m[Karm_controller/srv/move_to_position.hpp: No such file or directory
[0.438s]     7 | #include [01;31m[K"arm_controller/srv/move_to_position.hpp"[m[K
[0.438s]       |          [01;31m[K^~~~~~~~~~~~~~~~~~~~~~~~~~~~~~~~~~~~~~~~~[m[K
[0.438s] compilation terminated.
[0.443s] gmake[2]: *** [CMakeFiles/arm_controller_node.dir/build.make:90: CMakeFiles/arm_controller_node.dir/src/arm_controller_node.cpp.o] Error 1
[0.443s] gmake[2]: *** Waiting for unfinished jobs....
[0.468s] In file included from [01m[K/home/blue/ros2_ws/src/arm_controller/src/main.cpp:2[m[K:
[0.468s] [01m[K/home/blue/ros2_ws/src/arm_controller/include/arm_controller/arm_controller_node.hpp:7:10:[m[K [01;31m[Kfatal error: [m[Karm_controller/srv/move_to_position.hpp: No such file or directory
[0.468s]     7 | #include [01;31m[K"arm_controller/srv/move_to_position.hpp"[m[K
[0.468s]       |          [01;31m[K^~~~~~~~~~~~~~~~~~~~~~~~~~~~~~~~~~~~~~~~~[m[K
[0.469s] compilation terminated.
[0.471s] gmake[2]: *** [CMakeFiles/arm_controller_node.dir/build.make:76: CMakeFiles/arm_controller_node.dir/src/main.cpp.o] Error 1
[0.513s] gmake[1]: *** [CMakeFiles/Makefile2:137: CMakeFiles/arm_controller_node.dir/all] Error 2
[0.514s] gmake: *** [Makefile:146: all] Error 2
[0.524s] Invoked command in '/home/blue/ros2_ws/src/arm_controller/build/arm_controller' returned '2': CMAKE_PREFIX_PATH=/opt/ros/humble /usr/bin/cmake --build /home/blue/ros2_ws/src/arm_controller/build/arm_controller -- -j8 -l8
