[01m[K/home/blue/ros2_ws/src/arm_controller/src/main.cpp:[m[K In function â€˜[01m[Kint main(int, char**)[m[Kâ€™:
[01m[K/home/blue/ros2_ws/src/arm_controller/src/main.cpp:7:33:[m[K [01;31m[Kerror: [m[Kâ€˜[01m[KRobotArmNode[m[Kâ€™ was not declared in this scope
    7 |   rclcpp::spin(std::make_shared<[01;31m[KRobotArmNode[m[K>());
      |                                 [01;31m[K^~~~~~~~~~~~[m[K
[01m[K/home/blue/ros2_ws/src/arm_controller/src/main.cpp:7:46:[m[K [01;31m[Kerror: [m[Kno matching function for call to â€˜[01m[Kmake_shared<<expression error> >()[m[Kâ€™
    7 |   rclcpp::spin([01;31m[Kstd::make_shared<RobotArmNode>()[m[K);
      |                [01;31m[K~~~~~~~~~~~~~~~~~~~~~~~~~~~~~~^~[m[K
In file included from [01m[K/usr/include/c++/11/memory:77[m[K,
                 from [01m[K/opt/ros/humble/include/rclcpp/rclcpp/rclcpp.hpp:153[m[K,
                 from [01m[K/home/blue/ros2_ws/src/arm_controller/src/main.cpp:1[m[K:
[01m[K/usr/include/c++/11/bits/shared_ptr.h:875:5:[m[K [01;36m[Knote: [m[Kcandidate: â€˜[01m[Ktemplate<class _Tp, class ... _Args> std::shared_ptr<_Tp> std::make_shared(_Args&& ...)[m[Kâ€™
  875 |     [01;36m[Kmake_shared[m[K(_Args&&... __args)
      |     [01;36m[K^~~~~~~~~~~[m[K
[01m[K/usr/include/c++/11/bits/shared_ptr.h:875:5:[m[K [01;36m[Knote: [m[K  template argument deduction/substitution failed:
[01m[K/home/blue/ros2_ws/src/arm_controller/src/main.cpp:7:46:[m[K [01;31m[Kerror: [m[Ktemplate argument 1 is invalid
    7 |   rclcpp::spin([01;31m[Kstd::make_shared<RobotArmNode>()[m[K);
      |                [01;31m[K~~~~~~~~~~~~~~~~~~~~~~~~~~~~~~^~[m[K
[01m[K/home/blue/ros2_ws/src/arm_controller/src/arm_node.cpp:[m[K In member function â€˜[01m[Kvoid ArmNode::move_arm_callback(std::shared_ptr<std_srvs::srv::Trigger_Request_<std::allocator<void> > >, std::shared_ptr<std_srvs::srv::Trigger_Response_<std::allocator<void> > >)[m[Kâ€™:
[01m[K/home/blue/ros2_ws/src/arm_controller/src/arm_node.cpp:29:58:[m[K [01;35m[Kwarning: [m[Kunused parameter â€˜[01m[Krequest[m[Kâ€™ [[01;35m[K]8;;https://gcc.gnu.org/onlinedocs/gcc/Warning-Options.html#index-Wunused-parameter-Wunused-parameter]8;;[m[K]
   29 |   [01;35m[Kconst std::shared_ptr<std_srvs::srv::Trigger::Request> request[m[K,
      |   [01;35m[K~~~~~~~~~~~~~~~~~~~~~~~~~~~~~~~~~~~~~~~~~~~~~~~~~~~~~~~^~~~~~~[m[K
gmake[2]: *** [CMakeFiles/arm_node.dir/build.make:76: CMakeFiles/arm_node.dir/src/main.cpp.o] Error 1
gmake[2]: *** Waiting for unfinished jobs....
gmake[1]: *** [CMakeFiles/Makefile2:137: CMakeFiles/arm_node.dir/all] Error 2
gmake: *** [Makefile:146: all] Error 2
