[0.018s] Invoking command in '/home/blue/ros2_ws/src/arm_controller/build/arm_controller': CMAKE_PREFIX_PATH=${CMAKE_PREFIX_PATH}:/opt/ros/humble /usr/bin/cmake --build /home/blue/ros2_ws/src/arm_controller/build/arm_controller -- -j8 -l8
[0.053s] -- Found ament_cmake: 1.3.11 (/opt/ros/humble/share/ament_cmake/cmake)
[0.198s] -- Override CMake install command with custom implementation using symlinks instead of copying resources
[0.208s] -- Found rclcpp: 16.0.11 (/opt/ros/humble/share/rclcpp/cmake)
[0.243s] -- Found rosidl_generator_c: 3.1.6 (/opt/ros/humble/share/rosidl_generator_c/cmake)
[0.246s] -- Found rosidl_adapter: 3.1.6 (/opt/ros/humble/share/rosidl_adapter/cmake)
[0.256s] -- Found rosidl_generator_cpp: 3.1.6 (/opt/ros/humble/share/rosidl_generator_cpp/cmake)
[0.269s] -- Using all available rosidl_typesupport_c: rosidl_typesupport_fastrtps_c;rosidl_typesupport_introspection_c
[0.283s] -- Using all available rosidl_typesupport_cpp: rosidl_typesupport_fastrtps_cpp;rosidl_typesupport_introspection_cpp
[0.319s] -- Found rmw_implementation_cmake: 6.1.2 (/opt/ros/humble/share/rmw_implementation_cmake/cmake)
[0.321s] -- Found rmw_fastrtps_cpp: 6.2.7 (/opt/ros/humble/share/rmw_fastrtps_cpp/cmake)
[0.430s] -- Using RMW implementation 'rmw_fastrtps_cpp' as default
[0.484s] -- Found sensor_msgs: 4.2.4 (/opt/ros/humble/share/sensor_msgs/cmake)
[0.515s] -- Found std_srvs: 4.2.4 (/opt/ros/humble/share/std_srvs/cmake)
[0.608s] -- Configuring done
[0.622s] -- Generating done
[0.629s] -- Build files have been written to: /home/blue/ros2_ws/src/arm_controller/build/arm_controller
[0.682s] [ 33%] [32mBuilding CXX object CMakeFiles/arm_node.dir/src/arm_node.cpp.o[0m
[0.683s] [ 66%] [32mBuilding CXX object CMakeFiles/arm_node.dir/src/main.cpp.o[0m
[3.895s] [01m[K/home/blue/ros2_ws/src/arm_controller/src/main.cpp:[m[K In function â€˜[01m[Kint main(int, char**)[m[Kâ€™:
[3.895s] [01m[K/home/blue/ros2_ws/src/arm_controller/src/main.cpp:7:33:[m[K [01;31m[Kerror: [m[Kâ€˜[01m[KRobotArmNode[m[Kâ€™ was not declared in this scope
[3.895s]     7 |   rclcpp::spin(std::make_shared<[01;31m[KRobotArmNode[m[K>());
[3.896s]       |                                 [01;31m[K^~~~~~~~~~~~[m[K
[3.896s] [01m[K/home/blue/ros2_ws/src/arm_controller/src/main.cpp:7:46:[m[K [01;31m[Kerror: [m[Kno matching function for call to â€˜[01m[Kmake_shared<<expression error> >()[m[Kâ€™
[3.896s]     7 |   rclcpp::spin([01;31m[Kstd::make_shared<RobotArmNode>()[m[K);
[3.896s]       |                [01;31m[K~~~~~~~~~~~~~~~~~~~~~~~~~~~~~~^~[m[K
[3.899s] In file included from [01m[K/usr/include/c++/11/memory:77[m[K,
[3.899s]                  from [01m[K/opt/ros/humble/include/rclcpp/rclcpp/rclcpp.hpp:153[m[K,
[3.899s]                  from [01m[K/home/blue/ros2_ws/src/arm_controller/src/main.cpp:1[m[K:
[3.899s] [01m[K/usr/include/c++/11/bits/shared_ptr.h:875:5:[m[K [01;36m[Knote: [m[Kcandidate: â€˜[01m[Ktemplate<class _Tp, class ... _Args> std::shared_ptr<_Tp> std::make_shared(_Args&& ...)[m[Kâ€™
[3.899s]   875 |     [01;36m[Kmake_shared[m[K(_Args&&... __args)
[3.899s]       |     [01;36m[K^~~~~~~~~~~[m[K
[3.899s] [01m[K/usr/include/c++/11/bits/shared_ptr.h:875:5:[m[K [01;36m[Knote: [m[K  template argument deduction/substitution failed:
[3.899s] [01m[K/home/blue/ros2_ws/src/arm_controller/src/main.cpp:7:46:[m[K [01;31m[Kerror: [m[Ktemplate argument 1 is invalid
[3.899s]     7 |   rclcpp::spin([01;31m[Kstd::make_shared<RobotArmNode>()[m[K);
[3.899s]       |                [01;31m[K~~~~~~~~~~~~~~~~~~~~~~~~~~~~~~^~[m[K
[3.917s] [01m[K/home/blue/ros2_ws/src/arm_controller/src/arm_node.cpp:[m[K In member function â€˜[01m[Kvoid ArmNode::move_arm_callback(std::shared_ptr<std_srvs::srv::Trigger_Request_<std::allocator<void> > >, std::shared_ptr<std_srvs::srv::Trigger_Response_<std::allocator<void> > >)[m[Kâ€™:
[3.917s] [01m[K/home/blue/ros2_ws/src/arm_controller/src/arm_node.cpp:29:58:[m[K [01;35m[Kwarning: [m[Kunused parameter â€˜[01m[Krequest[m[Kâ€™ [[01;35m[K]8;;https://gcc.gnu.org/onlinedocs/gcc/Warning-Options.html#index-Wunused-parameter-Wunused-parameter]8;;[m[K]
[3.917s]    29 |   [01;35m[Kconst std::shared_ptr<std_srvs::srv::Trigger::Request> request[m[K,
[3.917s]       |   [01;35m[K~~~~~~~~~~~~~~~~~~~~~~~~~~~~~~~~~~~~~~~~~~~~~~~~~~~~~~~^~~~~~~[m[K
[4.402s] gmake[2]: *** [CMakeFiles/arm_node.dir/build.make:76: CMakeFiles/arm_node.dir/src/main.cpp.o] Error 1
[4.402s] gmake[2]: *** Waiting for unfinished jobs....
[6.828s] gmake[1]: *** [CMakeFiles/Makefile2:137: CMakeFiles/arm_node.dir/all] Error 2
[6.828s] gmake: *** [Makefile:146: all] Error 2
[6.833s] Invoked command in '/home/blue/ros2_ws/src/arm_controller/build/arm_controller' returned '2': CMAKE_PREFIX_PATH=${CMAKE_PREFIX_PATH}:/opt/ros/humble /usr/bin/cmake --build /home/blue/ros2_ws/src/arm_controller/build/arm_controller -- -j8 -l8
